2024-01-27 15:22:13,072 INFO werkzeug MainThread : [31m[1mWARNING: This is a development server. Do not use it in a production deployment. Use a production WSGI server instead.[0m
 * Running on http://localhost:5000
2024-01-27 15:22:13,072 INFO werkzeug MainThread : [33mPress CTRL+C to quit[0m
2024-01-27 15:22:13,093 INFO werkzeug MainThread :  * Restarting with stat
2024-01-27 15:22:13,214 WARNING werkzeug MainThread :  * Debugger is active!
2024-01-27 15:22:13,487 INFO werkzeug MainThread :  * Debugger PIN: 412-342-215
2024-01-27 15:22:28,544 INFO werkzeug Thread-2 (process_request_thread) : 127.0.0.1 - - [27/Jan/2024 15:22:28] "[33mGET /User?email=pythons123456789@gmail.com&password=NVerma HTTP/1.1[0m" 404 -
2024-01-27 15:22:34,161 INFO werkzeug Thread-3 (process_request_thread) : 127.0.0.1 - - [27/Jan/2024 15:22:34] "[33mGET / HTTP/1.1[0m" 404 -
2024-01-27 15:22:38,385 WARNING werkzeug MainThread :  * Debugger is active!
2024-01-27 15:22:38,385 INFO werkzeug MainThread :  * Debugger PIN: 412-342-215
2024-01-27 15:22:42,911 INFO werkzeug MainThread : [31m[1mWARNING: This is a development server. Do not use it in a production deployment. Use a production WSGI server instead.[0m
 * Running on http://localhost:5000
2024-01-27 15:22:42,911 INFO werkzeug MainThread : [33mPress CTRL+C to quit[0m
2024-01-27 15:22:42,912 INFO werkzeug MainThread :  * Restarting with stat
2024-01-27 15:22:43,078 WARNING werkzeug MainThread :  * Debugger is active!
2024-01-27 15:22:43,079 INFO werkzeug MainThread :  * Debugger PIN: 412-342-215
2024-01-27 15:23:00,081 INFO werkzeug MainThread :  * Detected change in '/home/nverma/Documents/Code/Python/Website/app.py', reloading
2024-01-27 15:23:00,114 INFO werkzeug MainThread :  * Restarting with stat
2024-01-27 15:23:00,247 WARNING werkzeug MainThread :  * Debugger is active!
2024-01-27 15:23:00,247 INFO werkzeug MainThread :  * Debugger PIN: 412-342-215
2024-01-27 15:23:00,562 WARNING werkzeug MainThread :  * Debugger is active!
2024-01-27 15:23:00,562 INFO werkzeug MainThread :  * Debugger PIN: 412-342-215
2024-01-27 15:23:02,337 INFO werkzeug MainThread : [31m[1mWARNING: This is a development server. Do not use it in a production deployment. Use a production WSGI server instead.[0m
 * Running on http://localhost:5000
2024-01-27 15:23:02,337 INFO werkzeug MainThread : [33mPress CTRL+C to quit[0m
2024-01-27 15:23:02,338 INFO werkzeug MainThread :  * Restarting with stat
2024-01-27 15:23:02,464 WARNING werkzeug MainThread :  * Debugger is active!
2024-01-27 15:23:02,465 INFO werkzeug MainThread :  * Debugger PIN: 412-342-215
2024-01-27 15:23:05,907 WARNING werkzeug MainThread :  * Debugger is active!
2024-01-27 15:23:05,907 INFO werkzeug MainThread :  * Debugger PIN: 412-342-215
2024-01-27 15:23:20,731 INFO werkzeug MainThread : [31m[1mWARNING: This is a development server. Do not use it in a production deployment. Use a production WSGI server instead.[0m
 * Running on http://localhost:5000
2024-01-27 15:23:20,732 INFO werkzeug MainThread : [33mPress CTRL+C to quit[0m
2024-01-27 15:23:20,732 INFO werkzeug MainThread :  * Restarting with stat
2024-01-27 15:23:20,855 WARNING werkzeug MainThread :  * Debugger is active!
2024-01-27 15:23:20,856 INFO werkzeug MainThread :  * Debugger PIN: 412-342-215
2024-01-27 15:23:24,183 WARNING werkzeug MainThread :  * Debugger is active!
2024-01-27 15:23:24,183 INFO werkzeug MainThread :  * Debugger PIN: 412-342-215
2024-01-27 15:23:29,624 INFO werkzeug MainThread : [31m[1mWARNING: This is a development server. Do not use it in a production deployment. Use a production WSGI server instead.[0m
 * Running on http://localhost:5000
2024-01-27 15:23:29,624 INFO werkzeug MainThread : [33mPress CTRL+C to quit[0m
2024-01-27 15:23:29,625 INFO werkzeug MainThread :  * Restarting with stat
2024-01-27 15:23:29,755 WARNING werkzeug MainThread :  * Debugger is active!
2024-01-27 15:23:29,756 INFO werkzeug MainThread :  * Debugger PIN: 412-342-215
2024-01-27 15:23:35,720 INFO werkzeug Thread-2 (process_request_thread) : 127.0.0.1 - - [27/Jan/2024 15:23:35] "[33mGET / HTTP/1.1[0m" 404 -
2024-01-27 15:23:36,142 INFO werkzeug Thread-3 (process_request_thread) : 127.0.0.1 - - [27/Jan/2024 15:23:36] "[33mGET / HTTP/1.1[0m" 404 -
2024-01-27 15:23:52,617 INFO werkzeug Thread-4 (process_request_thread) : 127.0.0.1 - - [27/Jan/2024 15:23:52] "[33mGET / HTTP/1.1[0m" 404 -
2024-01-27 15:23:59,497 WARNING werkzeug MainThread :  * Debugger is active!
2024-01-27 15:23:59,497 INFO werkzeug MainThread :  * Debugger PIN: 412-342-215
2024-01-27 15:23:59,611 INFO werkzeug MainThread : [31m[1mWARNING: This is a development server. Do not use it in a production deployment. Use a production WSGI server instead.[0m
 * Running on http://127.0.0.1:5000
2024-01-27 15:23:59,612 INFO werkzeug MainThread : [33mPress CTRL+C to quit[0m
2024-01-27 15:23:59,612 INFO werkzeug MainThread :  * Restarting with stat
2024-01-27 15:23:59,754 WARNING werkzeug MainThread :  * Debugger is active!
2024-01-27 15:23:59,755 INFO werkzeug MainThread :  * Debugger PIN: 412-342-215
2024-01-27 15:24:10,925 WARNING werkzeug MainThread :  * Debugger is active!
2024-01-27 15:24:10,926 INFO werkzeug MainThread :  * Debugger PIN: 412-342-215
